6 bots
In range of strongest: 6
? [[0, 0, 0], 100, 6]
? [[-50, 0, 0], 50, 1]
? [[50, 0, 0], 50, 1]
? [[0, 50, 0], 50, 1]
? [[0, 0, 50], 50, 1]
? [[0, 0, -50], 50, 1]
? [[0, -50, 0], 50, 1]
? [[-75, 0, 0], 25, 1]
? [[-87, 0, 0], 12, 0]
? [[-75, -12, 0], 12, 0]
? [[-75, 12, 0], 12, 0]
? [[-75, 0, 12], 12, 0]
? [[-75, 0, -12], 12, 0]
? [[-63, 0, 0], 12, 0]
? [[-93, 0, 0], 6, 0]
? [[-87, 0, 6], 6, 0]
? [[-75, -18, 0], 6, 0]
? [[-75, -12, 6], 6, 0]
? [[-75, 18, 0], 6, 0]
? [[-81, 12, 0], 6, 0]
? [[-75, -12, -6], 6, 0]
? [[-81, -12, 0], 6, 0]
? [[-87, 0, -6], 6, 0]
? [[-87, 6, 0], 6, 0]
? [[-87, -6, 0], 6, 0]
? [[-75, 12, 6], 6, 0]
? [[-81, 0, 12], 6, 0]
? [[-75, 6, 12], 6, 0]
? [[-75, 0, 18], 6, 0]
? [[-75, 6, -12], 6, 0]
? [[-75, 0, -18], 6, 0]
? [[-75, -6, -12], 6, 0]
? [[-81, 0, -12], 6, 0]
? [[-75, -6, 12], 6, 0]
? [[-75, 12, -6], 6, 0]
? [[-81, 0, 0], 6, 0]
? [[-75, 6, 0], 6, 0]
? [[-69, -12, 0], 6, 0]
? [[-75, 0, -6], 6, 0]
? [[-69, 0, 12], 6, 0]
? [[-69, 12, 0], 6, 0]
? [[-69, 0, -12], 6, 0]
? [[-75, 0, 6], 6, 0]
? [[-75, -6, 0], 6, 0]
? [[-69, 0, 0], 6, 0]
? [[-63, 0, -6], 6, 0]
? [[-63, 0, 6], 6, 0]
? [[-63, 6, 0], 6, 0]
? [[-63, -6, 0], 6, 0]
? [[-57, 0, 0], 6, 0]
? [[-96, 0, 0], 3, 0]
? [[-93, -3, 0], 3, 0]
? [[-93, 3, 0], 3, 0]
? [[-93, 0, 3], 3, 0]
? [[-90, 0, 6], 3, 0]
? [[-87, -3, 6], 3, 0]
? [[-87, 3, 6], 3, 0]
? [[-87, 0, 9], 3, 0]
? [[-78, -18, 0], 3, 0]
? [[-75, -21, 0], 3, 0]
? [[-75, -18, 3], 3, 0]
? [[-78, -12, 6], 3, 0]
? [[-75, -15, 6], 3, 0]
? [[-75, -18, -3], 3, 0]
? [[-75, -12, 9], 3, 0]
? [[-78, 18, 0], 3, 0]
? [[-75, 21, 0], 3, 0]
? [[-75, 18, 3], 3, 0]
? [[-84, 12, 0], 3, 0]
? [[-75, 18, -3], 3, 0]
? [[-81, 12, -3], 3, 0]
? [[-81, 12, 3], 3, 0]
? [[-78, -12, -6], 3, 0]
? [[-75, -15, -6], 3, 0]
? [[-75, -12, -9], 3, 0]
? [[-84, -12, 0], 3, 0]
? [[-81, -15, 0], 3, 0]
? [[-81, -12, -3], 3, 0]
? [[-81, -12, 3], 3, 0]
? [[-90, 0, -6], 3, 0]
? [[-87, 3, -6], 3, 0]
? [[-87, 0, -9], 3, 0]
? [[-90, 6, 0], 3, 0]
? [[-87, -3, -6], 3, 0]
? [[-87, 6, -3], 3, 0]
? [[-87, 6, 3], 3, 0]
? [[-90, -6, 0], 3, 0]
? [[-87, -9, 0], 3, 0]
? [[-87, -6, 3], 3, 0]
? [[-78, 12, 6], 3, 0]
? [[-87, -6, -3], 3, 0]
? [[-75, 15, 6], 3, 0]
? [[-75, 12, 9], 3, 0]
? [[-84, 0, 12], 3, 0]
? [[-81, 3, 12], 3, 0]
? [[-81, 0, 15], 3, 0]
? [[-78, 6, 12], 3, 0]
? [[-81, -3, 12], 3, 0]
? [[-75, 9, 12], 3, 0]
? [[-75, 6, 15], 3, 0]
? [[-78, 0, 18], 3, 0]
? [[-75, 3, 18], 3, 0]
? [[-75, 0, 21], 3, 0]
? [[-78, 6, -12], 3, 0]
? [[-75, -3, 18], 3, 0]
? [[-75, 6, -15], 3, 0]
? [[-75, 9, -12], 3, 0]
? [[-78, 0, -18], 3, 0]
? [[-75, 3, -18], 3, 0]
? [[-75, 0, -21], 3, 0]
? [[-78, -6, -12], 3, 0]
? [[-75, -9, -12], 3, 0]
? [[-75, -6, -15], 3, 0]
? [[-75, -3, -18], 3, 0]
? [[-84, 0, -12], 3, 0]
? [[-81, 3, -12], 3, 0]
? [[-81, 0, -15], 3, 0]
? [[-78, -6, 12], 3, 0]
? [[-75, -9, 12], 3, 0]
? [[-81, -3, -12], 3, 0]
? [[-75, -6, 15], 3, 0]
? [[-78, 12, -6], 3, 0]
? [[-75, 15, -6], 3, 0]
? [[-75, 12, -9], 3, 0]
? [[-87, 9, 0], 3, 0]
? [[-81, 15, 0], 3, 0]
? [[-93, 0, -3], 3, 0]
? [[-90, 0, 0], 3, 0]
? [[-72, -18, 0], 3, 0]
? [[-87, 0, 3], 3, 0]
? [[-84, 0, 6], 3, 0]
? [[-72, 18, 0], 3, 0]
? [[-75, 15, 0], 3, 0]
? [[-75, -12, 3], 3, 0]
? [[-75, -9, 6], 3, 0]
? [[-72, -12, 6], 3, 0]
? [[-75, -15, 0], 3, 0]
? [[-75, -9, -6], 3, 0]
? [[-87, 0, -3], 3, 0]
? [[-75, 9, 6], 3, 0]
? [[-72, 6, 12], 3, 0]
? [[-72, 0, 18], 3, 0]
? [[-75, 6, 9], 3, 0]
? [[-75, 3, 12], 3, 0]
? [[-81, 0, 9], 3, 0]
? [[-78, 0, 12], 3, 0]
? [[-75, 12, 3], 3, 0]
? [[-72, 12, 6], 3, 0]
? [[-87, -3, 0], 3, 0]
? [[-84, -6, 0], 3, 0]
? [[-87, 3, 0], 3, 0]
? [[-84, 6, 0], 3, 0]
? [[-84, 0, -6], 3, 0]
? [[-75, -12, -3], 3, 0]
? [[-81, -9, 0], 3, 0]
? [[-78, -12, 0], 3, 0]
? [[-72, -12, -6], 3, 0]
? [[-78, 12, 0], 3, 0]
? [[-81, 9, 0], 3, 0]
? [[-75, 0, 15], 3, 0]
? [[-75, 3, -12], 3, 0]
? [[-75, 0, -15], 3, 0]
? [[-72, -6, -12], 3, 0]
? [[-75, -6, -9], 3, 0]
? [[-81, 0, -9], 3, 0]
? [[-75, -3, 12], 3, 0]
? [[-72, 12, -6], 3, 0]
? [[-75, 12, -3], 3, 0]
? [[-75, 9, -6], 3, 0]
? [[-75, -6, 9], 3, 0]
? [[-72, -6, 12], 3, 0]
? [[-78, 0, -12], 3, 0]
? [[-75, -3, -12], 3, 0]
? [[-72, 0, -18], 3, 0]
? [[-75, 6, -9], 3, 0]
? [[-72, 6, -12], 3, 0]
? [[-84, 0, 0], 3, 0]
? [[-75, 6, 3], 3, 0]
? [[-72, -12, 0], 3, 0]
? [[-69, -15, 0], 3, 0]
? [[-81, 0, -3], 3, 0]
? [[-69, -12, -3], 3, 0]
? [[-69, -12, 3], 3, 0]
? [[-78, 0, -6], 3, 0]
? [[-75, -3, -6], 3, 0]
? [[-75, 3, -6], 3, 0]
? [[-75, 0, -9], 3, 0]
? [[-72, 0, 12], 3, 0]
? [[-81, 0, 3], 3, 0]
? [[-69, -3, 12], 3, 0]
? [[-69, 3, 12], 3, 0]
? [[-69, 0, 15], 3, 0]
? [[-72, 12, 0], 3, 0]
? [[-78, 6, 0], 3, 0]
? [[-69, 15, 0], 3, 0]
? [[-69, 12, -3], 3, 0]
? [[-69, 12, 3], 3, 0]
? [[-72, 0, -12], 3, 0]
? [[-69, -3, -12], 3, 0]
? [[-69, 3, -12], 3, 0]
? [[-69, 0, -15], 3, 0]
? [[-81, 3, 0], 3, 0]
? [[-78, 0, 6], 3, 0]
? [[-75, -3, 6], 3, 0]
? [[-75, 3, 6], 3, 0]
? [[-75, 0, 9], 3, 0]
? [[-78, -6, 0], 3, 0]
? [[-75, 9, 0], 3, 0]
? [[-75, -9, 0], 3, 0]
? [[-75, -6, -3], 3, 0]
? [[-75, -6, 3], 3, 0]
? [[-75, 6, -3], 3, 0]
? [[-81, -3, 0], 3, 0]
? [[-78, 0, 0], 3, 0]
? [[-72, 6, 0], 3, 0]
? [[-69, -9, 0], 3, 0]
? [[-66, -12, 0], 3, 0]
? [[-75, 3, 0], 3, 0]
? [[-72, 0, -6], 3, 0]
? [[-75, 0, -3], 3, 0]
? [[-69, 0, 9], 3, 0]
? [[-66, 12, 0], 3, 0]
? [[-69, 0, -9], 3, 0]
? [[-72, 0, 6], 3, 0]
? [[-72, -6, 0], 3, 0]
? [[-75, -3, 0], 3, 0]
? [[-75, 0, 3], 3, 0]
? [[-66, 0, -12], 3, 0]
? [[-69, 9, 0], 3, 0]
? [[-66, 0, 12], 3, 0]
? [[-72, 0, 0], 3, 0]
? [[-69, 3, 0], 3, 0]
? [[-63, -9, 0], 3, 0]
? [[-63, -6, -3], 3, 0]
? [[-63, -6, 3], 3, 0]
? [[-63, -3, -6], 3, 0]
? [[-63, 3, -6], 3, 0]
? [[-63, 0, -9], 3, 0]
? [[-69, 0, -3], 3, 0]
? [[-66, 0, 6], 3, 0]
? [[-63, -3, 6], 3, 0]
? [[-63, 3, 6], 3, 0]
? [[-63, 0, 9], 3, 0]
? [[-66, 6, 0], 3, 0]
? [[-69, 0, 3], 3, 0]
? [[-66, 0, -6], 3, 0]
? [[-63, 6, -3], 3, 0]
? [[-63, 6, 3], 3, 0]
? [[-66, -6, 0], 3, 0]
? [[-63, 9, 0], 3, 0]
? [[-69, -3, 0], 3, 0]
? [[-66, 0, 0], 3, 0]
? [[-60, 0, -6], 3, 0]
? [[-63, 0, -3], 3, 0]
? [[-60, 0, 6], 3, 0]
? [[-63, 0, 3], 3, 0]
? [[-60, 6, 0], 3, 0]
? [[-60, -6, 0], 3, 0]
? [[-63, -3, 0], 3, 0]
? [[-63, 3, 0], 3, 0]
? [[-60, 0, 0], 3, 0]
? [[-57, 3, 0], 3, 0]
? [[-57, 0, -3], 3, 0]
? [[-57, 0, 3], 3, 0]
? [[-57, -3, 0], 3, 0]
? [[-54, 0, 0], 3, 0]
? [[-97, 0, 0], 1, 0]
? [[-84, -12, 1], 1, 0]
? [[-82, -15, 0], 1, 0]
? [[-81, -16, 0], 1, 0]
? [[-81, -15, 1], 1, 0]
? [[-82, -12, -3], 1, 0]
? [[-81, -13, -3], 1, 0]
? [[-81, -12, -4], 1, 0]
? [[-81, -15, -1], 1, 0]
? [[-82, -12, 3], 1, 0]
? [[-81, -13, 3], 1, 0]
? [[-81, -12, 4], 1, 0]
? [[-91, 0, -6], 1, 0]
? [[-90, -1, -6], 1, 0]
? [[-90, 0, -7], 1, 0]
? [[-90, 1, -6], 1, 0]
? [[-88, 3, -6], 1, 0]
? [[-87, 4, -6], 1, 0]
? [[-87, 3, -7], 1, 0]
? [[-88, 0, -9], 1, 0]
? [[-87, -1, -9], 1, 0]
? [[-87, 0, -10], 1, 0]
? [[-87, 1, -9], 1, 0]
? [[-91, 6, 0], 1, 0]
? [[-90, 7, 0], 1, 0]
? [[-90, 6, 1], 1, 0]
? [[-88, -3, -6], 1, 0]
? [[-87, -4, -6], 1, 0]
? [[-87, -3, -7], 1, 0]
? [[-90, 6, -1], 1, 0]
? [[-88, 6, -3], 1, 0]
? [[-87, 7, -3], 1, 0]
? [[-87, 6, -4], 1, 0]
? [[-88, 6, 3], 1, 0]
? [[-87, -3, 7], 1, 0]
? [[-87, 7, 3], 1, 0]
? [[-87, 6, 4], 1, 0]
? [[-91, -6, 0], 1, 0]
? [[-90, -7, 0], 1, 0]
? [[-90, -6, 1], 1, 0]
? [[-88, -9, 0], 1, 0]
? [[-87, -10, 0], 1, 0]
? [[-87, -9, -1], 1, 0]
? [[-87, -9, 1], 1, 0]
? [[-88, -6, 3], 1, 0]
? [[-87, -7, 3], 1, 0]
? [[-87, -6, 4], 1, 0]
? [[-79, 12, 6], 1, 0]
? [[-90, -6, -1], 1, 0]
? [[-78, 13, 6], 1, 0]
? [[-78, 12, 7], 1, 0]
? [[-88, -6, -3], 1, 0]
? [[-87, -7, -3], 1, 0]
? [[-87, -6, -4], 1, 0]
? [[-76, 15, 6], 1, 0]
? [[-88, 3, 6], 1, 0]
? [[-75, 16, 6], 1, 0]
? [[-75, 15, 7], 1, 0]
? [[-76, 12, 9], 1, 0]
? [[-75, 13, 9], 1, 0]
? [[-75, 12, 10], 1, 0]
? [[-85, 0, 12], 1, 0]
? [[-84, -1, 12], 1, 0]
? [[-84, 1, 12], 1, 0]
? [[-84, 0, 13], 1, 0]
? [[-82, 3, 12], 1, 0]
? [[-81, 4, 12], 1, 0]
? [[-81, 3, 13], 1, 0]
? [[-82, 0, 15], 1, 0]
? [[-81, -1, 15], 1, 0]
? [[-81, 1, 15], 1, 0]
? [[-81, 0, 16], 1, 0]
? [[-79, 6, 12], 1, 0]
? [[-78, 7, 12], 1, 0]
? [[-78, 6, 13], 1, 0]
? [[-82, -3, 12], 1, 0]
? [[-81, -4, 12], 1, 0]
? [[-96, 0, 1], 1, 0]
? [[-81, -3, 13], 1, 0]
? [[-76, 9, 12], 1, 0]
? [[-75, 10, 12], 1, 0]
? [[-75, 9, 13], 1, 0]
? [[-76, 6, 15], 1, 0]
? [[-87, 4, 6], 1, 0]
? [[-75, 7, 15], 1, 0]
? [[-75, 6, 16], 1, 0]
? [[-79, 0, 18], 1, 0]
? [[-78, 1, 18], 1, 0]
? [[-78, 0, 19], 1, 0]
? [[-76, 3, 18], 1, 0]
? [[-78, -1, 18], 1, 0]
? [[-75, 4, 18], 1, 0]
? [[-75, 3, 19], 1, 0]
? [[-76, 0, 21], 1, 0]
? [[-75, 1, 21], 1, 0]
? [[-75, 0, 22], 1, 0]
? [[-79, 6, -12], 1, 0]
? [[-75, -1, 21], 1, 0]
? [[-78, 6, -13], 1, 0]
? [[-78, 7, -12], 1, 0]
? [[-76, -3, 18], 1, 0]
? [[-75, -4, 18], 1, 0]
? [[-75, -3, 19], 1, 0]
? [[-76, 6, -15], 1, 0]
? [[-93, 4, 0], 1, 0]
? [[-75, 6, -16], 1, 0]
? [[-75, 7, -15], 1, 0]
? [[-76, 9, -12], 1, 0]
? [[-75, 10, -12], 1, 0]
? [[-75, 9, -13], 1, 0]
? [[-79, 0, -18], 1, 0]
? [[-78, -1, -18], 1, 0]
? [[-78, 0, -19], 1, 0]
? [[-78, 1, -18], 1, 0]
? [[-76, 3, -18], 1, 0]
? [[-75, 4, -18], 1, 0]
? [[-75, 3, -19], 1, 0]
? [[-76, 0, -21], 1, 0]
? [[-75, -1, -21], 1, 0]
? [[-75, 0, -22], 1, 0]
? [[-75, 1, -21], 1, 0]
? [[-79, -6, -12], 1, 0]
? [[-78, -7, -12], 1, 0]
? [[-78, -6, -13], 1, 0]
? [[-76, -9, -12], 1, 0]
? [[-75, -10, -12], 1, 0]
? [[-75, -9, -13], 1, 0]
? [[-87, 3, 7], 1, 0]
? [[-76, -6, -15], 1, 0]
? [[-75, -7, -15], 1, 0]
? [[-75, -6, -16], 1, 0]
? [[-76, -3, -18], 1, 0]
? [[-75, -4, -18], 1, 0]
? [[-75, -3, -19], 1, 0]
? [[-88, 0, 9], 1, 0]
? [[-85, 0, -12], 1, 0]
? [[-84, 1, -12], 1, 0]
? [[-84, 0, -13], 1, 0]
? [[-82, 3, -12], 1, 0]
? [[-84, -1, -12], 1, 0]
? [[-81, 3, -13], 1, 0]
? [[-81, 4, -12], 1, 0]
? [[-82, 0, -15], 1, 0]
? [[-81, 1, -15], 1, 0]
? [[-81, 0, -16], 1, 0]
? [[-79, -6, 12], 1, 0]
? [[-78, -7, 12], 1, 0]
? [[-81, -1, -15], 1, 0]
? [[-78, -6, 13], 1, 0]
? [[-76, -9, 12], 1, 0]
? [[-75, -10, 12], 1, 0]
? [[-75, -9, 13], 1, 0]
? [[-82, -3, -12], 1, 0]
? [[-81, -4, -12], 1, 0]
? [[-81, -3, -13], 1, 0]
? [[-87, -1, 9], 1, 0]
? [[-76, -6, 15], 1, 0]
? [[-75, -7, 15], 1, 0]
? [[-75, -6, 16], 1, 0]
? [[-79, 12, -6], 1, 0]
? [[-87, 1, 9], 1, 0]
? [[-78, 12, -7], 1, 0]
? [[-78, 13, -6], 1, 0]
? [[-76, 15, -6], 1, 0]
? [[-75, 16, -6], 1, 0]
? [[-75, 15, -7], 1, 0]
? [[-76, 12, -9], 1, 0]
? [[-93, 3, -1], 1, 0]
? [[-75, 12, -10], 1, 0]
? [[-75, 13, -9], 1, 0]
? [[-88, 9, 0], 1, 0]
? [[-87, 10, 0], 1, 0]
? [[-87, 9, 1], 1, 0]
? [[-82, 15, 0], 1, 0]
? [[-87, 9, -1], 1, 0]
? [[-81, 15, -1], 1, 0]
? [[-81, 15, 1], 1, 0]
? [[-94, 0, -3], 1, 0]
? [[-93, 1, -3], 1, 0]
? [[-93, 0, -4], 1, 0]
? [[-93, -1, -3], 1, 0]
? [[-81, 16, 0], 1, 0]
? [[-87, 0, 10], 1, 0]
? [[-79, -18, 0], 1, 0]
? [[-78, -19, 0], 1, 0]
? [[-93, 3, 1], 1, 0]
? [[-78, -18, 1], 1, 0]
? [[-76, -21, 0], 1, 0]
? [[-78, -18, -1], 1, 0]
? [[-75, -22, 0], 1, 0]
? [[-75, -21, -1], 1, 0]
? [[-75, -21, 1], 1, 0]
? [[-76, -18, 3], 1, 0]
? [[-94, 0, 3], 1, 0]
? [[-75, -19, 3], 1, 0]
? [[-93, -1, 3], 1, 0]
? [[-75, -18, 4], 1, 0]
? [[-79, -12, 6], 1, 0]
? [[-78, -13, 6], 1, 0]
? [[-93, 1, 3], 1, 0]
? [[-94, -3, 0], 1, 0]
? [[-78, -12, 7], 1, 0]
? [[-76, -15, 6], 1, 0]
? [[-75, -16, 6], 1, 0]
? [[-93, 0, 4], 1, 0]
? [[-75, -15, 7], 1, 0]
? [[-78, -13, -6], 1, 0]
? [[-78, -12, -7], 1, 0]
? [[-76, -15, -6], 1, 0]
? [[-75, -16, -6], 1, 0]
? [[-76, -18, -3], 1, 0]
? [[-75, -15, -7], 1, 0]
? [[-91, 0, 6], 1, 0]
? [[-76, -12, -9], 1, 0]
? [[-75, -13, -9], 1, 0]
? [[-75, -12, -10], 1, 0]
? [[-85, -12, 0], 1, 0]
? [[-75, -19, -3], 1, 0]
? [[-84, -13, 0], 1, 0]
? [[-84, -12, -1], 1, 0]
? [[-75, -18, -4], 1, 0]
? [[-90, -1, 6], 1, 0]
? [[-76, -12, 9], 1, 0]
? [[-90, 1, 6], 1, 0]
? [[-75, -13, 9], 1, 0]
? [[-96, 0, -1], 1, 0]
? [[-75, -12, 10], 1, 0]
? [[-79, 18, 0], 1, 0]
? [[-90, 0, 7], 1, 0]
? [[-78, 19, 0], 1, 0]
? [[-78, 18, -1], 1, 0]
? [[-78, 18, 1], 1, 0]
? [[-76, 21, 0], 1, 0]
? [[-88, -3, 6], 1, 0]
? [[-75, 22, 0], 1, 0]
? [[-75, 21, 1], 1, 0]
? [[-76, 18, 3], 1, 0]
? [[-75, 21, -1], 1, 0]
? [[-93, -4, 0], 1, 0]
? [[-75, 19, 3], 1, 0]
? [[-75, 18, 4], 1, 0]
? [[-85, 12, 0], 1, 0]
? [[-87, -4, 6], 1, 0]
? [[-84, 13, 0], 1, 0]
? [[-84, 12, -1], 1, 0]
? [[-84, 12, 1], 1, 0]
? [[-76, 18, -3], 1, 0]
? [[-96, -1, 0], 1, 0]
? [[-75, 19, -3], 1, 0]
? [[-75, 18, -4], 1, 0]
? [[-93, -3, -1], 1, 0]
? [[-82, 12, -3], 1, 0]
? [[-93, -3, 1], 1, 0]
? [[-81, 13, -3], 1, 0]
? [[-81, 12, -4], 1, 0]
? [[-82, 12, 3], 1, 0]
? [[-94, 3, 0], 1, 0]
? [[-96, 1, 0], 1, 0]
? [[-81, 13, 3], 1, 0]
? [[-81, 12, 4], 1, 0]
? [[-79, -12, -6], 1, 0]
? [[-95, 0, 0], 1, 0]
? [[-78, -12, -5], 1, 0]
? [[-75, -14, -6], 1, 0]
? [[-74, -12, -9], 1, 0]
? [[-75, -12, -8], 1, 0]
? [[-83, -12, 0], 1, 0]
? [[-81, -14, 0], 1, 0]
? [[-81, -11, -3], 1, 0]
? [[-80, -12, 3], 1, 0]
? [[-81, -11, 3], 1, 0]
? [[-90, 0, -5], 1, 0]
? [[-86, 3, -6], 1, 0]
? [[-87, 3, -5], 1, 0]
? [[-89, 6, 0], 1, 0]
? [[-86, -3, -6], 1, 0]
? [[-87, -3, -5], 1, 0]
? [[-86, 6, -3], 1, 0]
? [[-87, 6, -2], 1, 0]
? [[-87, 5, 3], 1, 0]
? [[-89, -6, 0], 1, 0]
? [[-86, -9, 0], 1, 0]
? [[-87, -5, 3], 1, 0]
? [[-87, -6, 2], 1, 0]
? [[-78, 11, 6], 1, 0]
? [[-86, -6, -3], 1, 0]
? [[-87, -6, -2], 1, 0]
? [[-74, 15, 6], 1, 0]
? [[-75, 15, 5], 1, 0]
? [[-74, 12, 9], 1, 0]
? [[-75, 12, 8], 1, 0]
? [[-80, 3, 12], 1, 0]
? [[-81, 2, 12], 1, 0]
? [[-81, 0, 14], 1, 0]
? [[-77, 6, 12], 1, 0]
? [[-78, 6, 11], 1, 0]
? [[-81, -2, 12], 1, 0]
? [[-74, 9, 12], 1, 0]
? [[-75, 8, 12], 1, 0]
? [[-74, 6, 15], 1, 0]
? [[-75, 6, 14], 1, 0]
? [[-78, 0, 17], 1, 0]
? [[-75, 2, 18], 1, 0]
? [[-74, 0, 21], 1, 0]
? [[-77, 6, -12], 1, 0]
? [[-78, 6, -11], 1, 0]
? [[-75, -2, 18], 1, 0]
? [[-75, -3, 17], 1, 0]
? [[-75, 5, -15], 1, 0]
? [[-74, 9, -12], 1, 0]
? [[-75, 9, -11], 1, 0]
? [[-78, 0, -17], 1, 0]
? [[-74, 3, -18], 1, 0]
? [[-75, 3, -17], 1, 0]
? [[-77, -6, -12], 1, 0]
? [[-78, -6, -11], 1, 0]
? [[-74, -9, -12], 1, 0]
? [[-75, -9, -11], 1, 0]
? [[-75, -5, -15], 1, 0]
? [[-75, -6, -14], 1, 0]
? [[-75, -2, -18], 1, 0]
? [[-84, 0, -11], 1, 0]
? [[-80, 3, -12], 1, 0]
? [[-81, 3, -11], 1, 0]
? [[-81, 0, -14], 1, 0]
? [[-78, -5, 12], 1, 0]
? [[-74, -9, 12], 1, 0]
? [[-75, -8, 12], 1, 0]
? [[-80, -3, -12], 1, 0]
? [[-81, -3, -11], 1, 0]
? [[-75, -5, 15], 1, 0]
? [[-75, -6, 14], 1, 0]
? [[-78, 11, -6], 1, 0]
? [[-74, 15, -6], 1, 0]
? [[-75, 15, -5], 1, 0]
? [[-74, 12, -9], 1, 0]
? [[-75, 12, -8], 1, 0]
? [[-86, 9, 0], 1, 0]
? [[-93, 0, -2], 1, 0]
? [[-92, 0, -3], 1, 0]
? [[-81, 14, 0], 1, 0]
? [[-80, 15, 0], 1, 0]
? [[-87, 8, 0], 1, 0]
? [[-75, 11, -9], 1, 0]
? [[-75, 14, -6], 1, 0]
? [[-78, 12, -5], 1, 0]
? [[-77, 12, -6], 1, 0]
? [[-74, -6, 15], 1, 0]
? [[-81, -2, -12], 1, 0]
? [[-75, -9, 11], 1, 0]
? [[-78, -6, 11], 1, 0]
? [[-77, -6, 12], 1, 0]
? [[-80, 0, -15], 1, 0]
? [[-81, 2, -12], 1, 0]
? [[-83, 0, -12], 1, 0]
? [[-75, -3, -17], 1, 0]
? [[-74, -3, -18], 1, 0]
? [[-74, -6, -15], 1, 0]
? [[-75, -8, -12], 1, 0]
? [[-78, -5, -12], 1, 0]
? [[-75, 0, -20], 1, 0]
? [[-74, 0, -21], 1, 0]
? [[-75, 2, -18], 1, 0]
? [[-77, 0, -18], 1, 0]
? [[-75, 8, -12], 1, 0]
? [[-75, 6, -14], 1, 0]
? [[-74, 6, -15], 1, 0]
? [[-74, -3, 18], 1, 0]
? [[-78, 5, -12], 1, 0]
? [[-75, 0, 20], 1, 0]
? [[-75, 3, 17], 1, 0]
? [[-74, 3, 18], 1, 0]
? [[-77, 0, 18], 1, 0]
? [[-75, 5, 15], 1, 0]
? [[-75, 9, 11], 1, 0]
? [[-81, -3, 11], 1, 0]
? [[-80, -3, 12], 1, 0]
? [[-78, 5, 12], 1, 0]
? [[-80, 0, 15], 1, 0]
? [[-81, 3, 11], 1, 0]
? [[-84, 0, 11], 1, 0]
? [[-83, 0, 12], 1, 0]
? [[-75, 11, 9], 1, 0]
? [[-75, 14, 6], 1, 0]
? [[-87, -5, -3], 1, 0]
? [[-78, 12, 5], 1, 0]
? [[-77, 12, 6], 1, 0]
? [[-86, -6, 3], 1, 0]
? [[-87, -8, 0], 1, 0]
? [[-90, -5, 0], 1, 0]
? [[-87, 6, 2], 1, 0]
? [[-86, 6, 3], 1, 0]
? [[-87, 5, -3], 1, 0]
? [[-87, -2, -6], 1, 0]
? [[-90, 5, 0], 1, 0]
? [[-87, 0, -8], 1, 0]
? [[-86, 0, -9], 1, 0]
? [[-87, 2, -6], 1, 0]
? [[-89, 0, -6], 1, 0]
? [[-81, -12, 2], 1, 0]
? [[-81, -12, -2], 1, 0]
? [[-80, -12, -3], 1, 0]
? [[-80, -15, 0], 1, 0]
? [[-84, -11, 0], 1, 0]
? [[-75, -11, -9], 1, 0]
? [[-75, -15, -5], 1, 0]
? [[-74, -15, -6], 1, 0]
? [[-89, 0, 6], 1, 0]
? [[-90, 0, 5], 1, 0]
? [[-86, -3, 6], 1, 0]
? [[-87, -3, 5], 1, 0]
? [[-86, 3, 6], 1, 0]
? [[-87, 3, 5], 1, 0]
? [[-86, 0, 9], 1, 0]
? [[-87, 2, 6], 1, 0]
? [[-87, -2, 6], 1, 0]
? [[-93, 0, 2], 1, 0]
? [[-92, -3, 0], 1, 0]
? [[-93, -2, 0], 1, 0]
? [[-92, 3, 0], 1, 0]
? [[-92, 0, 3], 1, 0]
? [[-93, 2, 0], 1, 0]
? [[-87, 0, 8], 1, 0]
? [[-77, -18, 0], 1, 0]
? [[-74, -21, 0], 1, 0]
? [[-75, -20, 0], 1, 0]
? [[-75, -17, 3], 1, 0]
? [[-75, -18, 2], 1, 0]
? [[-77, -12, 6], 1, 0]
? [[-78, -11, 6], 1, 0]
? [[-74, -15, 6], 1, 0]
? [[-75, -14, 6], 1, 0]
? [[-75, -15, 5], 1, 0]
? [[-74, -18, -3], 1, 0]
? [[-75, -18, -2], 1, 0]
? [[-74, -12, 9], 1, 0]
? [[-75, -11, 9], 1, 0]
? [[-75, -12, 8], 1, 0]
? [[-78, 17, 0], 1, 0]
? [[-74, 21, 0], 1, 0]
? [[-74, 18, 3], 1, 0]
? [[-75, 17, 3], 1, 0]
? [[-75, 18, 2], 1, 0]
? [[-83, 12, 0], 1, 0]
? [[-74, 18, -3], 1, 0]
? [[-75, 17, -3], 1, 0]
? [[-80, 12, -3], 1, 0]
? [[-81, 11, -3], 1, 0]
? [[-81, 12, -2], 1, 0]
? [[-80, 12, 3], 1, 0]
? [[-81, 12, 2], 1, 0]
? [[-77, -12, -6], 1, 0]
? [[-78, -11, -6], 1, 0]
? [[-81, 11, 3], 1, 0]
? [[-75, 18, -2], 1, 0]
? [[-84, 11, 0], 1, 0]
? [[-75, 20, 0], 1, 0]
? [[-77, 18, 0], 1, 0]
? [[-75, -17, -3], 1, 0]
? [[-78, -12, 5], 1, 0]
? [[-74, -18, 3], 1, 0]
? [[-78, -17, 0], 1, 0]
? [[-91, 0, 0], 1, 0]
? [[-76, -12, -3], 1, 0]
? [[-75, -13, -3], 1, 0]
? [[-90, 0, 1], 1, 0]
? [[-75, -12, -4], 1, 0]
? [[-72, -13, 6], 1, 0]
? [[-82, -9, 0], 1, 0]
? [[-81, -10, 0], 1, 0]
? [[-72, 19, 0], 1, 0]
? [[-81, -9, 1], 1, 0]
? [[-79, -12, 0], 1, 0]
? [[-81, -9, -1], 1, 0]
? [[-78, -13, 0], 1, 0]
? [[-78, -12, -1], 1, 0]
? [[-78, -12, 1], 1, 0]
? [[-73, -12, -6], 1, 0]
? [[-72, -12, 7], 1, 0]
? [[-72, -13, -6], 1, 0]
? [[-72, -12, -7], 1, 0]
? [[-76, -15, 0], 1, 0]
? [[-79, 12, 0], 1, 0]
? [[-72, 18, -1], 1, 0]
? [[-78, 13, 0], 1, 0]
? [[-78, 12, -1], 1, 0]
? [[-78, 12, 1], 1, 0]
? [[-82, 9, 0], 1, 0]
? [[-75, -16, 0], 1, 0]
? [[-81, 10, 0], 1, 0]
? [[-81, 9, 1], 1, 0]
? [[-76, 0, 15], 1, 0]
? [[-81, 9, -1], 1, 0]
? [[-75, -1, 15], 1, 0]
? [[-75, 1, 15], 1, 0]
? [[-75, 0, 16], 1, 0]
? [[-76, 3, -12], 1, 0]
? [[-72, 18, 1], 1, 0]
? [[-75, 4, -12], 1, 0]
? [[-75, 3, -13], 1, 0]
? [[-75, -15, -1], 1, 0]
? [[-76, 0, -15], 1, 0]
? [[-75, -1, -15], 1, 0]
? [[-75, 1, -15], 1, 0]
? [[-75, 0, -16], 1, 0]
? [[-75, -15, 1], 1, 0]
? [[-73, -6, -12], 1, 0]
? [[-72, -7, -12], 1, 0]
? [[-76, -9, -6], 1, 0]
? [[-72, -6, -13], 1, 0]
? [[-76, -6, -9], 1, 0]
? [[-75, -10, -6], 1, 0]
? [[-75, -7, -9], 1, 0]
? [[-75, -6, -10], 1, 0]
? [[-76, 15, 0], 1, 0]
? [[-82, 0, -9], 1, 0]
? [[-75, -9, -7], 1, 0]
? [[-81, 1, -9], 1, 0]
? [[-81, 0, -10], 1, 0]
? [[-81, -1, -9], 1, 0]
? [[-76, -3, 12], 1, 0]
? [[-75, -4, 12], 1, 0]
? [[-73, -18, 0], 1, 0]
? [[-88, 0, -3], 1, 0]
? [[-75, -3, 13], 1, 0]
? [[-73, 12, -6], 1, 0]
? [[-75, 16, 0], 1, 0]
? [[-72, 13, -6], 1, 0]
? [[-72, 12, -7], 1, 0]
? [[-76, 12, -3], 1, 0]
? [[-87, -1, -3], 1, 0]
? [[-87, 1, -3], 1, 0]
? [[-75, 12, -4], 1, 0]
? [[-75, 13, -3], 1, 0]
? [[-76, 9, -6], 1, 0]
? [[-87, 0, -4], 1, 0]
? [[-75, 10, -6], 1, 0]
? [[-75, 9, -7], 1, 0]
? [[-76, 9, 6], 1, 0]
? [[-76, -6, 9], 1, 0]
? [[-75, -7, 9], 1, 0]
? [[-75, 15, -1], 1, 0]
? [[-75, 15, 1], 1, 0]
? [[-75, -6, 10], 1, 0]
? [[-73, -6, 12], 1, 0]
? [[-72, -7, 12], 1, 0]
? [[-75, 10, 6], 1, 0]
? [[-72, -6, 13], 1, 0]
? [[-79, 0, -12], 1, 0]
? [[-76, -12, 3], 1, 0]
? [[-78, -1, -12], 1, 0]
? [[-78, 0, -13], 1, 0]
? [[-78, 1, -12], 1, 0]
? [[-76, -3, -12], 1, 0]
? [[-75, 9, 7], 1, 0]
? [[-75, -4, -12], 1, 0]
? [[-75, -3, -13], 1, 0]
? [[-73, 6, 12], 1, 0]
? [[-73, 0, -18], 1, 0]
? [[-72, -1, -18], 1, 0]
? [[-72, 1, -18], 1, 0]
? [[-72, 0, -19], 1, 0]
? [[-87, 0, 4], 1, 0]
? [[-76, 6, -9], 1, 0]
? [[-72, 7, 12], 1, 0]
? [[-75, 7, -9], 1, 0]
? [[-75, 6, -10], 1, 0]
? [[-73, 6, -12], 1, 0]
? [[-75, -13, 3], 1, 0]
? [[-72, 6, 13], 1, 0]
? [[-72, 6, -13], 1, 0]
? [[-72, 7, -12], 1, 0]
? [[-73, 0, 18], 1, 0]
? [[-85, 0, 6], 1, 0]
? [[-72, -1, 18], 1, 0]
? [[-72, 1, 18], 1, 0]
? [[-90, -1, 0], 1, 0]
? [[-72, 0, 19], 1, 0]
? [[-76, 6, 9], 1, 0]
? [[-75, -12, 4], 1, 0]
? [[-75, 7, 9], 1, 0]
? [[-76, -9, 6], 1, 0]
? [[-84, 7, 0], 1, 0]
? [[-75, 6, 10], 1, 0]
? [[-76, 3, 12], 1, 0]
? [[-75, -10, 6], 1, 0]
? [[-84, 1, -6], 1, 0]
? [[-84, 0, -7], 1, 0]
? [[-84, -1, -6], 1, 0]
? [[-84, -1, 6], 1, 0]
? [[-75, 4, 12], 1, 0]
? [[-75, 3, 13], 1, 0]
? [[-82, 0, 9], 1, 0]
? [[-84, 1, 6], 1, 0]
? [[-81, -1, 9], 1, 0]
? [[-81, 1, 9], 1, 0]
? [[-75, -9, 7], 1, 0]
? [[-81, 0, 10], 1, 0]
? [[-79, 0, 12], 1, 0]
? [[-78, -1, 12], 1, 0]
? [[-78, 1, 12], 1, 0]
? [[-73, -12, 6], 1, 0]
? [[-78, 0, 13], 1, 0]
? [[-76, 12, 3], 1, 0]
? [[-84, 0, 7], 1, 0]
? [[-73, 18, 0], 1, 0]
? [[-75, 13, 3], 1, 0]
? [[-75, 12, 4], 1, 0]
? [[-73, 12, 6], 1, 0]
? [[-72, -19, 0], 1, 0]
? [[-90, 1, 0], 1, 0]
? [[-72, 13, 6], 1, 0]
? [[-72, -18, -1], 1, 0]
? [[-72, 12, 7], 1, 0]
? [[-88, -3, 0], 1, 0]
? [[-72, -18, 1], 1, 0]
? [[-87, -4, 0], 1, 0]
? [[-87, -3, -1], 1, 0]
? [[-87, -3, 1], 1, 0]
? [[-85, -6, 0], 1, 0]
? [[-88, 0, 3], 1, 0]
? [[-84, -7, 0], 1, 0]
? [[-90, 0, -1], 1, 0]
? [[-84, -6, -1], 1, 0]
? [[-84, -6, 1], 1, 0]
? [[-88, 3, 0], 1, 0]
? [[-87, -1, 3], 1, 0]
? [[-87, 4, 0], 1, 0]
? [[-87, 3, -1], 1, 0]
? [[-87, 3, 1], 1, 0]
? [[-85, 6, 0], 1, 0]
? [[-87, 1, 3], 1, 0]
? [[-84, 6, -1], 1, 0]
? [[-84, 6, 1], 1, 0]
? [[-85, 0, -6], 1, 0]
? [[-89, 0, 0], 1, 0]
? [[-84, 0, -5], 1, 0]
? [[-75, -11, -3], 1, 0]
? [[-75, -12, -2], 1, 0]
? [[-80, -9, 0], 1, 0]
? [[-77, -12, 0], 1, 0]
? [[-78, -11, 0], 1, 0]
? [[-72, -11, -6], 1, 0]
? [[-72, -12, -5], 1, 0]
? [[-77, 12, 0], 1, 0]
? [[-80, 9, 0], 1, 0]
? [[-81, 8, 0], 1, 0]
? [[-75, 0, 14], 1, 0]
? [[-74, 3, -12], 1, 0]
? [[-75, 2, -12], 1, 0]
? [[-75, 3, -11], 1, 0]
? [[-75, 0, -14], 1, 0]
? [[-71, -6, -12], 1, 0]
? [[-72, -6, -11], 1, 0]
? [[-74, -6, -9], 1, 0]
? [[-75, -5, -9], 1, 0]
? [[-75, -6, -8], 1, 0]
? [[-81, 0, -8], 1, 0]
? [[-74, -3, 12], 1, 0]
? [[-75, -2, 12], 1, 0]
? [[-71, 12, -6], 1, 0]
? [[-72, 11, -6], 1, 0]
? [[-72, 12, -5], 1, 0]
? [[-74, 12, -3], 1, 0]
? [[-75, 12, -2], 1, 0]
? [[-74, 9, -6], 1, 0]
? [[-75, 8, -6], 1, 0]
? [[-75, 9, -5], 1, 0]
? [[-75, -5, 9], 1, 0]
? [[-75, -6, 8], 1, 0]
? [[-71, -6, 12], 1, 0]
? [[-72, -5, 12], 1, 0]
? [[-77, 0, -12], 1, 0]
? [[-78, 0, -11], 1, 0]
? [[-75, -2, -12], 1, 0]
? [[-75, -3, -11], 1, 0]
? [[-71, 0, -18], 1, 0]
? [[-74, 6, -9], 1, 0]
? [[-75, 5, -9], 1, 0]
? [[-75, 6, -8], 1, 0]
? [[-71, 6, -12], 1, 0]
? [[-72, 6, -11], 1, 0]
? [[-72, 5, -12], 1, 0]
? [[-72, 0, -17], 1, 0]
? [[-74, -3, -12], 1, 0]
? [[-72, -6, 11], 1, 0]
? [[-74, -6, 9], 1, 0]
? [[-75, 11, -3], 1, 0]
? [[-75, -3, 11], 1, 0]
? [[-80, 0, -9], 1, 0]
? [[-72, -5, -12], 1, 0]
? [[-74, 0, -15], 1, 0]
? [[-74, 0, 15], 1, 0]
? [[-78, 11, 0], 1, 0]
? [[-71, -12, -6], 1, 0]
? [[-81, -8, 0], 1, 0]
? [[-74, -12, -3], 1, 0]
? [[-83, 0, 6], 1, 0]
? [[-71, 18, 0], 1, 0]
? [[-72, 17, 0], 1, 0]
? [[-74, 15, 0], 1, 0]
? [[-75, 14, 0], 1, 0]
? [[-74, -12, 3], 1, 0]
? [[-75, -11, 3], 1, 0]
? [[-74, -9, 6], 1, 0]
? [[-75, -8, 6], 1, 0]
? [[-75, -9, 5], 1, 0]
? [[-71, -12, 6], 1, 0]
? [[-72, -11, 6], 1, 0]
? [[-72, -12, 5], 1, 0]
? [[-74, -15, 0], 1, 0]
? [[-75, -14, 0], 1, 0]
? [[-75, -8, -6], 1, 0]
? [[-75, -9, -5], 1, 0]
? [[-86, 0, -3], 1, 0]
? [[-87, 0, -2], 1, 0]
? [[-74, 9, 6], 1, 0]
? [[-75, 8, 6], 1, 0]
? [[-75, 9, 5], 1, 0]
? [[-71, 6, 12], 1, 0]
? [[-72, 6, 11], 1, 0]
? [[-71, 0, 18], 1, 0]
? [[-72, 0, 17], 1, 0]
? [[-74, 6, 9], 1, 0]
? [[-75, 5, 9], 1, 0]
? [[-75, 6, 8], 1, 0]
? [[-74, 3, 12], 1, 0]
? [[-75, 3, 11], 1, 0]
? [[-80, 0, 9], 1, 0]
? [[-81, 0, 8], 1, 0]
? [[-77, 0, 12], 1, 0]
? [[-78, 0, 11], 1, 0]
? [[-74, 12, 3], 1, 0]
? [[-75, 11, 3], 1, 0]
? [[-71, 12, 6], 1, 0]
? [[-72, 11, 6], 1, 0]
? [[-72, 12, 5], 1, 0]
? [[-86, -3, 0], 1, 0]
? [[-87, -2, 0], 1, 0]
? [[-83, -6, 0], 1, 0]
? [[-86, 3, 0], 1, 0]
? [[-87, 2, 0], 1, 0]
? [[-83, 6, 0], 1, 0]
? [[-84, 5, 0], 1, 0]
? [[-83, 0, -6], 1, 0]
? [[-84, -5, 0], 1, 0]
? [[-75, 12, 2], 1, 0]
? [[-75, 2, 12], 1, 0]
? [[-72, 5, 12], 1, 0]
? [[-74, -9, -6], 1, 0]
? [[-75, -12, 2], 1, 0]
? [[-84, 0, 5], 1, 0]
? [[-72, -17, 0], 1, 0]
? [[-86, 0, 3], 1, 0]
? [[-87, 0, 2], 1, 0]
? [[-71, -18, 0], 1, 0]
? [[-85, 0, 0], 1, 0]
? [[-69, -3, 13], 1, 0]
? [[-70, 3, 12], 1, 0]
? [[-76, 6, 3], 1, 0]
? [[-69, 4, 12], 1, 0]
? [[-69, -15, -1], 1, 0]
? [[-69, 3, 13], 1, 0]
? [[-70, 0, 15], 1, 0]
? [[-69, -15, 1], 1, 0]
? [[-69, -1, 15], 1, 0]
? [[-69, 1, 15], 1, 0]
? [[-69, 0, 16], 1, 0]
? [[-73, 12, 0], 1, 0]
? [[-82, 0, -3], 1, 0]
? [[-84, -1, 0], 1, 0]
? [[-72, 13, 0], 1, 0]
? [[-72, 12, -1], 1, 0]
? [[-72, 12, 1], 1, 0]
? [[-79, 6, 0], 1, 0]
? [[-75, 4, -6], 1, 0]
? [[-78, 7, 0], 1, 0]
? [[-78, 6, -1], 1, 0]
? [[-78, 6, 1], 1, 0]
? [[-70, 15, 0], 1, 0]
? [[-75, 3, -7], 1, 0]
? [[-81, -1, -3], 1, 0]
? [[-69, 16, 0], 1, 0]
? [[-69, 15, 1], 1, 0]
? [[-70, 12, -3], 1, 0]
? [[-69, 15, -1], 1, 0]
? [[-76, 0, -9], 1, 0]
? [[-69, 13, -3], 1, 0]
? [[-69, 12, -4], 1, 0]
? [[-81, 1, -3], 1, 0]
? [[-70, 12, 3], 1, 0]
? [[-75, -1, -9], 1, 0]
? [[-69, 13, 3], 1, 0]
? [[-75, 1, -9], 1, 0]
? [[-69, 12, 4], 1, 0]
? [[-73, 0, -12], 1, 0]
? [[-75, 0, -10], 1, 0]
? [[-72, -1, -12], 1, 0]
? [[-72, 1, -12], 1, 0]
? [[-72, 0, -13], 1, 0]
? [[-81, 0, -4], 1, 0]
? [[-70, -3, -12], 1, 0]
? [[-69, -4, -12], 1, 0]
? [[-73, 0, 12], 1, 0]
? [[-69, -3, -13], 1, 0]
? [[-84, 1, 0], 1, 0]
? [[-70, 3, -12], 1, 0]
? [[-72, -1, 12], 1, 0]
? [[-72, 1, 12], 1, 0]
? [[-69, 3, -13], 1, 0]
? [[-69, 4, -12], 1, 0]
? [[-70, 0, -15], 1, 0]
? [[-70, -12, -3], 1, 0]
? [[-69, -1, -15], 1, 0]
? [[-69, 1, -15], 1, 0]
? [[-69, 0, -16], 1, 0]
? [[-72, 0, 13], 1, 0]
? [[-82, 3, 0], 1, 0]
? [[-82, 0, 3], 1, 0]
? [[-81, 4, 0], 1, 0]
? [[-81, 3, -1], 1, 0]
? [[-81, 3, 1], 1, 0]
? [[-79, 0, 6], 1, 0]
? [[-72, -12, -1], 1, 0]
? [[-78, -1, 6], 1, 0]
? [[-78, 1, 6], 1, 0]
? [[-78, 0, 7], 1, 0]
? [[-76, -3, 6], 1, 0]
? [[-81, 1, 3], 1, 0]
? [[-75, -4, 6], 1, 0]
? [[-81, -1, 3], 1, 0]
? [[-81, 0, 4], 1, 0]
? [[-75, -3, 7], 1, 0]
? [[-76, 3, 6], 1, 0]
? [[-70, -3, 12], 1, 0]
? [[-75, 4, 6], 1, 0]
? [[-69, -13, -3], 1, 0]
? [[-75, 3, 7], 1, 0]
? [[-76, 0, 9], 1, 0]
? [[-69, -4, 12], 1, 0]
? [[-75, -1, 9], 1, 0]
? [[-75, 1, 9], 1, 0]
? [[-75, 7, 3], 1, 0]
? [[-75, 0, 10], 1, 0]
? [[-79, -6, 0], 1, 0]
? [[-78, -7, 0], 1, 0]
? [[-69, -12, -4], 1, 0]
? [[-78, -6, -1], 1, 0]
? [[-78, -6, 1], 1, 0]
? [[-76, 9, 0], 1, 0]
? [[-84, 0, -1], 1, 0]
? [[-70, -12, 3], 1, 0]
? [[-75, 9, -1], 1, 0]
? [[-75, 9, 1], 1, 0]
? [[-76, -9, 0], 1, 0]
? [[-75, 10, 0], 1, 0]
? [[-75, -10, 0], 1, 0]
? [[-69, -13, 3], 1, 0]
? [[-75, -9, -1], 1, 0]
? [[-75, -9, 1], 1, 0]
? [[-76, -6, -3], 1, 0]
? [[-75, -7, -3], 1, 0]
? [[-69, -16, 0], 1, 0]
? [[-75, -6, -4], 1, 0]
? [[-75, 6, 4], 1, 0]
? [[-76, -6, 3], 1, 0]
? [[-69, -12, 4], 1, 0]
? [[-75, -7, 3], 1, 0]
? [[-79, 0, -6], 1, 0]
? [[-75, -6, 4], 1, 0]
? [[-76, 6, -3], 1, 0]
? [[-73, -12, 0], 1, 0]
? [[-78, -1, -6], 1, 0]
? [[-75, 7, -3], 1, 0]
? [[-75, 6, -4], 1, 0]
? [[-78, 1, -6], 1, 0]
? [[-82, -3, 0], 1, 0]
? [[-78, 0, -7], 1, 0]
? [[-81, -4, 0], 1, 0]
? [[-81, -3, -1], 1, 0]
? [[-81, -3, 1], 1, 0]
? [[-84, 0, 1], 1, 0]
? [[-76, -3, -6], 1, 0]
? [[-72, -13, 0], 1, 0]
? [[-75, -4, -6], 1, 0]
? [[-72, -12, 1], 1, 0]
? [[-75, -3, -7], 1, 0]
? [[-70, -15, 0], 1, 0]
? [[-76, 3, -6], 1, 0]
? [[-83, 0, 0], 1, 0]
? [[-75, 3, -5], 1, 0]
? [[-74, 0, -9], 1, 0]
? [[-75, 0, -8], 1, 0]
? [[-71, 0, 12], 1, 0]
? [[-72, 0, 11], 1, 0]
? [[-81, 0, 2], 1, 0]
? [[-68, -3, 12], 1, 0]
? [[-69, -2, 12], 1, 0]
? [[-69, -3, 11], 1, 0]
? [[-68, 3, 12], 1, 0]
? [[-69, 2, 12], 1, 0]
? [[-69, 3, 11], 1, 0]
? [[-69, 0, 14], 1, 0]
? [[-71, 12, 0], 1, 0]
? [[-72, 11, 0], 1, 0]
? [[-77, 6, 0], 1, 0]
? [[-78, 5, 0], 1, 0]
? [[-68, 15, 0], 1, 0]
? [[-68, 12, -3], 1, 0]
? [[-69, 11, -3], 1, 0]
? [[-69, 12, -2], 1, 0]
? [[-68, 12, 3], 1, 0]
? [[-69, 11, 3], 1, 0]
? [[-69, 12, 2], 1, 0]
? [[-71, 0, -12], 1, 0]
? [[-68, -3, -12], 1, 0]
? [[-69, -2, -12], 1, 0]
? [[-69, -3, -11], 1, 0]
? [[-68, 3, -12], 1, 0]
? [[-69, 2, -12], 1, 0]
? [[-69, 3, -11], 1, 0]
? [[-68, 0, -15], 1, 0]
? [[-69, 0, -14], 1, 0]
? [[-81, 2, 0], 1, 0]
? [[-77, 0, 6], 1, 0]
? [[-78, 0, 5], 1, 0]
? [[-74, -3, 6], 1, 0]
? [[-75, -2, 6], 1, 0]
? [[-75, -3, 5], 1, 0]
? [[-74, 3, 6], 1, 0]
? [[-75, 3, 5], 1, 0]
? [[-74, 0, 9], 1, 0]
? [[-75, 0, 8], 1, 0]
? [[-77, -6, 0], 1, 0]
? [[-78, -5, 0], 1, 0]
? [[-74, 9, 0], 1, 0]
? [[-74, -9, 0], 1, 0]
? [[-75, -8, 0], 1, 0]
? [[-74, -6, -3], 1, 0]
? [[-75, -5, -3], 1, 0]
? [[-75, -6, -2], 1, 0]
? [[-74, -6, 3], 1, 0]
? [[-75, -5, 3], 1, 0]
? [[-74, 6, -3], 1, 0]
? [[-75, 5, -3], 1, 0]
? [[-75, 6, -2], 1, 0]
? [[-80, -3, 0], 1, 0]
? [[-81, -2, 0], 1, 0]
? [[-75, -6, 2], 1, 0]
? [[-75, 8, 0], 1, 0]
? [[-75, 2, 6], 1, 0]
? [[-80, 3, 0], 1, 0]
? [[-72, 0, -11], 1, 0]
? [[-69, 14, 0], 1, 0]
? [[-68, 0, 15], 1, 0]
? [[-80, 0, 3], 1, 0]
? [[-69, -14, 0], 1, 0]
? [[-80, 0, -3], 1, 0]
? [[-81, 0, -2], 1, 0]
? [[-68, -12, -3], 1, 0]
? [[-69, -11, -3], 1, 0]
? [[-69, -12, -2], 1, 0]
? [[-68, -12, 3], 1, 0]
? [[-69, -11, 3], 1, 0]
? [[-69, -12, 2], 1, 0]
? [[-77, 0, -6], 1, 0]
? [[-78, 0, -5], 1, 0]
? [[-74, -3, -6], 1, 0]
? [[-75, -2, -6], 1, 0]
? [[-75, -3, -5], 1, 0]
? [[-75, 2, -6], 1, 0]
? [[-74, 3, -6], 1, 0]
? [[-75, 5, 3], 1, 0]
? [[-75, 6, 2], 1, 0]
? [[-71, -12, 0], 1, 0]
? [[-68, -15, 0], 1, 0]
? [[-72, -11, 0], 1, 0]
? [[-74, 6, 3], 1, 0]
? [[-79, 0, 0], 1, 0]
? [[-72, 1, -6], 1, 0]
? [[-72, 0, -7], 1, 0]
? [[-73, 6, 0], 1, 0]
? [[-76, 0, -3], 1, 0]
? [[-69, -9, -1], 1, 0]
? [[-75, -1, -3], 1, 0]
? [[-75, 1, -3], 1, 0]
? [[-75, 0, -4], 1, 0]
? [[-69, -9, 1], 1, 0]
? [[-70, 0, 9], 1, 0]
? [[-67, -12, 0], 1, 0]
? [[-69, 1, 9], 1, 0]
? [[-69, -1, 9], 1, 0]
? [[-69, 0, 10], 1, 0]
? [[-67, 12, 0], 1, 0]
? [[-78, -1, 0], 1, 0]
? [[-66, -13, 0], 1, 0]
? [[-66, 13, 0], 1, 0]
? [[-66, 12, -1], 1, 0]
? [[-66, 12, 1], 1, 0]
? [[-70, 0, -9], 1, 0]
? [[-78, 1, 0], 1, 0]
? [[-69, -1, -9], 1, 0]
? [[-69, 1, -9], 1, 0]
? [[-69, 0, -10], 1, 0]
? [[-66, -12, -1], 1, 0]
? [[-73, 0, 6], 1, 0]
? [[-66, -12, 1], 1, 0]
? [[-72, -1, 6], 1, 0]
? [[-72, 1, 6], 1, 0]
? [[-72, 0, 7], 1, 0]
? [[-73, -6, 0], 1, 0]
? [[-76, 3, 0], 1, 0]
? [[-72, -7, 0], 1, 0]
? [[-72, 7, 0], 1, 0]
? [[-72, -6, -1], 1, 0]
? [[-72, -6, 1], 1, 0]
? [[-76, -3, 0], 1, 0]
? [[-75, 4, 0], 1, 0]
? [[-75, -4, 0], 1, 0]
? [[-75, 3, -1], 1, 0]
? [[-75, -3, -1], 1, 0]
? [[-75, -3, 1], 1, 0]
? [[-76, 0, 3], 1, 0]
? [[-75, 3, 1], 1, 0]
? [[-75, -1, 3], 1, 0]
? [[-75, 1, 3], 1, 0]
? [[-75, 0, 4], 1, 0]
? [[-67, 0, -12], 1, 0]
? [[-73, 0, -6], 1, 0]
? [[-66, -1, -12], 1, 0]
? [[-66, 1, -12], 1, 0]
? [[-66, 0, -13], 1, 0]
? [[-72, 6, -1], 1, 0]
? [[-70, 9, 0], 1, 0]
? [[-72, -1, -6], 1, 0]
? [[-72, 6, 1], 1, 0]
? [[-69, 10, 0], 1, 0]
? [[-69, 9, -1], 1, 0]
? [[-69, 9, 1], 1, 0]
? [[-67, 0, 12], 1, 0]
? [[-70, -9, 0], 1, 0]
? [[-66, -1, 12], 1, 0]
? [[-66, 1, 12], 1, 0]
? [[-78, 0, -1], 1, 0]
? [[-66, 0, 13], 1, 0]
? [[-69, -10, 0], 1, 0]
? [[-78, 0, 1], 1, 0]
? [[-77, 0, 0], 1, 0]
? [[-66, 11, 0], 1, 0]
? [[-68, 0, -9], 1, 0]
? [[-69, 0, -8], 1, 0]
? [[-72, 0, 5], 1, 0]
? [[-71, -6, 0], 1, 0]
? [[-72, -5, 0], 1, 0]
? [[-74, -3, 0], 1, 0]
? [[-75, -2, 0], 1, 0]
? [[-74, 0, 3], 1, 0]
? [[-65, 0, -12], 1, 0]
? [[-66, 0, -11], 1, 0]
? [[-68, 9, 0], 1, 0]
? [[-69, 8, 0], 1, 0]
? [[-65, 0, 12], 1, 0]
? [[-66, 0, 11], 1, 0]
? [[-75, 0, 2], 1, 0]
? [[-71, 0, 6], 1, 0]
? [[-66, -11, 0], 1, 0]
? [[-75, 2, 0], 1, 0]
? [[-71, 0, -6], 1, 0]
? [[-72, 0, -5], 1, 0]
? [[-74, 0, -3], 1, 0]
? [[-75, 0, -2], 1, 0]
? [[-68, 0, 9], 1, 0]
? [[-69, 0, 8], 1, 0]
? [[-65, 12, 0], 1, 0]
? [[-74, 3, 0], 1, 0]
? [[-72, 5, 0], 1, 0]
? [[-68, -9, 0], 1, 0]
? [[-69, -8, 0], 1, 0]
? [[-65, -12, 0], 1, 0]
? [[-71, 6, 0], 1, 0]
? [[-73, 0, 0], 1, 0]
? [[-63, 4, -6], 1, 0]
? [[-69, -4, 0], 1, 0]
? [[-63, 3, -7], 1, 0]
? [[-69, -3, 1], 1, 0]
? [[-69, -3, -1], 1, 0]
? [[-69, 3, -1], 1, 0]
? [[-64, 0, -9], 1, 0]
? [[-63, -7, -3], 1, 0]
? [[-63, -1, -9], 1, 0]
? [[-63, 1, -9], 1, 0]
? [[-63, 0, -10], 1, 0]
? [[-69, 3, 1], 1, 0]
? [[-70, 0, -3], 1, 0]
? [[-63, -6, -4], 1, 0]
? [[-69, -1, -3], 1, 0]
? [[-69, 1, -3], 1, 0]
? [[-69, 0, -4], 1, 0]
? [[-64, -9, 0], 1, 0]
? [[-67, 0, 6], 1, 0]
? [[-64, -6, 3], 1, 0]
? [[-66, -1, 6], 1, 0]
? [[-66, 1, 6], 1, 0]
? [[-66, 0, 7], 1, 0]
? [[-64, -3, 6], 1, 0]
? [[-72, 0, 1], 1, 0]
? [[-63, -4, 6], 1, 0]
? [[-63, -7, 3], 1, 0]
? [[-63, -10, 0], 1, 0]
? [[-63, 7, 3], 1, 0]
? [[-63, 6, 4], 1, 0]
? [[-67, -6, 0], 1, 0]
? [[-63, -3, 7], 1, 0]
? [[-66, -7, 0], 1, 0]
? [[-64, 3, 6], 1, 0]
? [[-66, -6, -1], 1, 0]
? [[-66, -6, 1], 1, 0]
? [[-64, 9, 0], 1, 0]
? [[-70, 3, 0], 1, 0]
? [[-63, 10, 0], 1, 0]
? [[-63, 9, -1], 1, 0]
? [[-63, 9, 1], 1, 0]
? [[-70, -3, 0], 1, 0]
? [[-63, -6, 4], 1, 0]
? [[-63, 4, 6], 1, 0]
? [[-64, -3, -6], 1, 0]
? [[-63, 3, 7], 1, 0]
? [[-64, 0, 9], 1, 0]
? [[-63, -9, -1], 1, 0]
? [[-63, -1, 9], 1, 0]
? [[-63, 1, 9], 1, 0]
? [[-63, 0, 10], 1, 0]
? [[-67, 6, 0], 1, 0]
? [[-63, -4, -6], 1, 0]
? [[-63, -9, 1], 1, 0]
? [[-66, 7, 0], 1, 0]
? [[-66, 6, -1], 1, 0]
? [[-66, 6, 1], 1, 0]
? [[-70, 0, 3], 1, 0]
? [[-63, -3, -7], 1, 0]
? [[-69, -1, 3], 1, 0]
? [[-69, 1, 3], 1, 0]
? [[-64, -6, -3], 1, 0]
? [[-69, 0, 4], 1, 0]
? [[-67, 0, -6], 1, 0]
? [[-64, 3, -6], 1, 0]
? [[-66, -1, -6], 1, 0]
? [[-66, 1, -6], 1, 0]
? [[-66, 0, -7], 1, 0]
? [[-72, 1, 0], 1, 0]
? [[-64, 6, -3], 1, 0]
? [[-72, 0, -1], 1, 0]
? [[-63, 7, -3], 1, 0]
? [[-63, 6, -4], 1, 0]
? [[-69, 4, 0], 1, 0]
? [[-64, 6, 3], 1, 0]
? [[-72, -1, 0], 1, 0]
? [[-71, 0, 0], 1, 0]
? [[-63, 6, 2], 1, 0]
? [[-65, -6, 0], 1, 0]
? [[-66, -5, 0], 1, 0]
? [[-63, 8, 0], 1, 0]
? [[-68, -3, 0], 1, 0]
? [[-69, -2, 0], 1, 0]
? [[-62, 9, 0], 1, 0]
? [[-68, 3, 0], 1, 0]
? [[-69, 2, 0], 1, 0]
? [[-62, -9, 0], 1, 0]
? [[-63, -8, 0], 1, 0]
? [[-62, -6, -3], 1, 0]
? [[-63, -5, -3], 1, 0]
? [[-63, -6, -2], 1, 0]
? [[-62, -6, 3], 1, 0]
? [[-63, -5, 3], 1, 0]
? [[-63, -6, 2], 1, 0]
? [[-62, -3, -6], 1, 0]
? [[-63, -2, -6], 1, 0]
? [[-63, -3, -5], 1, 0]
? [[-62, 3, -6], 1, 0]
? [[-63, 3, -5], 1, 0]
? [[-62, 0, -9], 1, 0]
? [[-63, 0, -8], 1, 0]
? [[-68, 0, -3], 1, 0]
? [[-69, 0, -2], 1, 0]
? [[-65, 0, 6], 1, 0]
? [[-66, 0, 5], 1, 0]
? [[-62, -3, 6], 1, 0]
? [[-63, -2, 6], 1, 0]
? [[-63, -3, 5], 1, 0]
? [[-62, 3, 6], 1, 0]
? [[-63, 2, 6], 1, 0]
? [[-63, 3, 5], 1, 0]
? [[-62, 0, 9], 1, 0]
? [[-65, 6, 0], 1, 0]
? [[-66, 5, 0], 1, 0]
? [[-68, 0, 3], 1, 0]
? [[-69, 0, 2], 1, 0]
? [[-65, 0, -6], 1, 0]
? [[-66, 0, -5], 1, 0]
? [[-62, 6, -3], 1, 0]
? [[-63, 5, -3], 1, 0]
? [[-63, 6, -2], 1, 0]
? [[-62, 6, 3], 1, 0]
? [[-63, 5, 3], 1, 0]
? [[-63, 0, 8], 1, 0]
? [[-63, 2, -6], 1, 0]
? [[-67, 0, 0], 1, 0]
? [[-64, 0, 3], 1, 0]
? [[-63, -3, 1], 1, 0]
? [[-64, 3, 0], 1, 0]
? [[-63, -3, -1], 1, 0]
? [[-63, -1, -3], 1, 0]
? [[-63, 4, 0], 1, 0]
? [[-63, 3, -1], 1, 0]
? [[-63, 3, 1], 1, 0]
? [[-63, -1, 3], 1, 0]
? [[-63, 1, 3], 1, 0]
? [[-63, 0, 4], 1, 0]
? [[-61, 6, 0], 1, 0]
? [[-63, 1, -3], 1, 0]
? [[-63, 0, -4], 1, 0]
? [[-60, 7, 0], 1, 0]
? [[-60, 6, -1], 1, 0]
? [[-60, 6, 1], 1, 0]
? [[-61, -6, 0], 1, 0]
? [[-66, 0, -1], 1, 0]
? [[-60, -7, 0], 1, 0]
? [[-61, 0, 6], 1, 0]
? [[-60, -6, -1], 1, 0]
? [[-60, -6, 1], 1, 0]
? [[-64, -3, 0], 1, 0]
? [[-66, 0, 1], 1, 0]
? [[-63, -4, 0], 1, 0]
? [[-60, -1, 6], 1, 0]
? [[-60, 1, 6], 1, 0]
? [[-61, 0, -6], 1, 0]
? [[-60, 0, 7], 1, 0]
? [[-66, -1, 0], 1, 0]
? [[-60, -1, -6], 1, 0]
? [[-60, 1, -6], 1, 0]
? [[-60, 0, -7], 1, 0]
? [[-66, 1, 0], 1, 0]
? [[-64, 0, -3], 1, 0]
? [[-65, 0, 0], 1, 0]
? [[-63, 0, -2], 1, 0]
? [[-59, 0, 6], 1, 0]
? [[-60, 0, 5], 1, 0]
? [[-63, 0, 2], 1, 0]
? [[-59, 6, 0], 1, 0]
? [[-60, 5, 0], 1, 0]
? [[-59, -6, 0], 1, 0]
? [[-60, -5, 0], 1, 0]
? [[-62, -3, 0], 1, 0]
? [[-63, -2, 0], 1, 0]
? [[-62, 3, 0], 1, 0]
? [[-63, 2, 0], 1, 0]
? [[-62, 0, 3], 1, 0]
? [[-59, 0, -6], 1, 0]
? [[-60, 0, -5], 1, 0]
? [[-62, 0, -3], 1, 0]
? [[-61, 0, 0], 1, 0]
? [[-57, -4, 0], 1, 0]
? [[-60, 0, 1], 1, 0]
? [[-57, -3, -1], 1, 0]
? [[-57, -3, 1], 1, 0]
? [[-58, 3, 0], 1, 0]
? [[-60, -1, 0], 1, 0]
? [[-60, 1, 0], 1, 0]
? [[-57, -1, 3], 1, 0]
? [[-57, 1, 3], 1, 0]
? [[-57, 4, 0], 1, 0]
? [[-57, 0, 4], 1, 0]
? [[-58, -3, 0], 1, 0]
? [[-57, 3, -1], 1, 0]
? [[-57, 3, 1], 1, 0]
? [[-58, 0, -3], 1, 0]
? [[-57, -1, -3], 1, 0]
? [[-57, 1, -3], 1, 0]
? [[-57, 0, -4], 1, 0]
? [[-60, 0, -1], 1, 0]
? [[-58, 0, 3], 1, 0]
? [[-59, 0, 0], 1, 0]
? [[-57, 0, 2], 1, 0]
? [[-56, -3, 0], 1, 0]
? [[-57, -2, 0], 1, 0]
? [[-56, 0, -3], 1, 0]
? [[-57, 0, -2], 1, 0]
? [[-56, 0, 3], 1, 0]
? [[-57, 2, 0], 1, 0]
? [[-56, 3, 0], 1, 0]
? [[-55, 0, 0], 1, 0]
? [[-54, 1, 0], 1, 0]
? [[-54, 0, -1], 1, 0]
? [[-54, 0, 1], 1, 0]
? [[-54, -1, 0], 1, 0]
? [[-53, 0, 0], 1, 0]
#<Bot:0x005ce297de6530 @x=-97, @y=0, @z=0, @r=0, @overlapping=0>
